<?xml version="1.0" encoding="UTF-8"?>
<testsuite name="PrimaTest" tests="1" skipped="0" failures="0" errors="0" timestamp="2017-01-03T16:27:39" hostname="GGIECSOFWRK143" time="0.002">
  <properties/>
  <testcase name="test" classname="PrimaTest" time="0.002"/>
  <system-out><![CDATA[]]></system-out>
  <system-err><![CDATA[]]></system-err>
</testsuite>
